SF:lib\controller\auth_service.dart
DA:10,1
DA:14,1
DA:15,2
DA:17,2
DA:18,6
DA:21,4
DA:22,1
DA:27,1
DA:29,1
DA:30,2
DA:35,1
DA:36,1
DA:37,3
DA:43,1
DA:44,2
DA:46,2
DA:47,6
DA:50,4
DA:51,1
DA:53,3
DA:55,2
DA:56,2
DA:60,1
DA:63,2
DA:69,0
DA:70,0
DA:74,1
DA:75,3
LF:28
LH:26
end_of_record
SF:lib\database\user\sembast_user_repository.dart
DA:11,2
DA:13,6
DA:14,6
DA:17,1
DA:19,3
DA:20,3
DA:23,1
DA:25,5
DA:28,1
DA:30,5
DA:32,0
DA:34,5
DA:37,2
DA:39,6
DA:41,8
DA:42,2
DA:43,4
DA:45,2
DA:51,0
DA:53,0
DA:54,0
LF:21
LH:17
end_of_record
SF:lib\model\user.dart
DA:15,2
DA:27,2
DA:28,2
DA:29,2
DA:30,2
DA:31,2
DA:32,2
DA:33,2
DA:34,2
DA:35,2
DA:36,2
DA:37,2
DA:41,2
DA:42,2
DA:43,2
DA:44,2
DA:45,2
DA:46,6
DA:47,6
DA:48,6
DA:49,6
DA:50,4
DA:51,2
DA:53,6
DA:57,0
DA:58,0
DA:59,0
DA:60,0
LF:28
LH:24
end_of_record
